   0.0000000000000000        0.0000000000000000        0.0000000000000000        0.0000000000000000        0.0000000000000000
  1.00000000000000002E-003 -1.49855991934505278E-003 -1.85505457074443486E-003 -1.92222694501232227E-003 -1.95031623932111447E-003
  1.00000000000000002E-002 -1.01449541516067318E-002 -1.08458031404829840E-002 -1.10968820041554422E-002 -1.11305802168630390E-002
  5.00000000000000028E-002 -3.86746099825233669E-002 -4.01411339021106525E-002 -3.92730694561542748E-002 -4.07900510946631531E-002
  5.99999999999999978E-002 -4.57569198386669207E-002 -4.64402490574403887E-002 -4.71635712817857211E-002 -4.71619406629318061E-002
  7.00000000000000067E-002 -5.24088780720419756E-002 -5.24755733550134398E-002 -5.26874720386238948E-002 -5.32677130413371641E-002
  8.00000000000000017E-002 -6.09861085460519092E-002 -5.82801314583566502E-002 -6.10982301123836891E-002 -5.91410679682608451E-002
  8.99999999999999967E-002 -6.18392909819291958E-002 -6.38791249402190092E-002 -6.31935733087671814E-002 -6.48076313791284137E-002
  0.10000000000000001      -6.92339358004385730E-002 -6.92925292159460721E-002 -7.00794999133629304E-002 -7.02876563207713301E-002
  0.20000000000000001      -0.11759778303330037      -0.11584365078768895      -0.11861123637271120      -0.11747531825118027
  0.29999999999999999      -0.15399383464631144      -0.15305384809017850      -0.15653494883920693      -0.15528241063773637
  0.40000000000000002      -0.18487548345623322      -0.18420621030870943      -0.18764556597391677      -0.18698884357078382
  0.50000000000000000      -0.21131285165846814      -0.21102144212958435      -0.21485469441324995      -0.21430995612379083
  0.59999999999999998      -0.23380737272117302      -0.23457446858195014      -0.23777031267356094      -0.23831763522086188
  0.69999999999999996      -0.25495209166500538      -0.25560041328811178      -0.25923200148277253      -0.25974601840920936
  0.80000000000000004      -0.27490492648401355      -0.27463055205389847      -0.27949542169939856      -0.27912689627479992
  0.90000000000000002      -0.29104550480398506      -0.29206314293866981      -0.29572457170634348      -0.29686011556163133
   1.0000000000000000      -0.30752480886609190      -0.30820437422744362      -0.31239982163560437      -0.31325422651775625
   1.1000000000000001      -0.32231561461968422      -0.32329385677383304      -0.32730929325179198      -0.32855176519543944
   1.2000000000000000      -0.33768663061386300      -0.33752140275710996      -0.34319311414638670      -0.34294588364896206
   1.3000000000000000      -0.34889173928188522      -0.35103855990447341      -0.35442836348212048      -0.35659177729310587
   1.3999999999999999      -0.36292077885917357      -0.36396682238819422      -0.36873695126145295      -0.36961481760663362
   1.5000000000000000      -0.37667399678368918      -0.37640364624175326      -0.38247036149460090      -0.38211650942189473
   1.6000000000000001      -0.39097257947557762      -0.38842696355197293      -0.39656823715224421      -0.39417896129243940
   1.7000000000000000      -0.40117967277180078      -0.40009863996206696      -0.40712055294699950      -0.40586830954103148
   1.8000000000000000      -0.41639968581586428      -0.41146716976047809      -0.42171064409697029      -0.41723738753130979
   1.8999999999999999      -0.42149408460305771      -0.42256980899849961      -0.42720986864243643      -0.42832783867537688
   2.0000000000000000      -0.43511084441836306      -0.43343428658534466      -0.44080019311161112      -0.43917181173900410
   2.2500000000000000      -0.45522985849514286      -0.45966509902372366      -0.46138383312421283      -0.46534413800458196
   2.5000000000000000      -0.48388301882208351      -0.48464372037838599      -0.48945219859607803      -0.49030956968169759
   2.7500000000000000      -0.50712537084855702      -0.50830705644363960      -0.51297460142093143      -0.51407428080665496
   3.0000000000000000      -0.53215146250546397      -0.53045050316592257      -0.53809591807509172      -0.53650230869075077
